Arguments: 
  /usr/local/bin/node /usr/local/bin/yarn server

PATH: 
  /usr/local/bin:/usr/bin:/bin:/usr/sbin:/sbin:/Users/wukangjun/Library/Android/sdk/tools:/Users/wukangjun/Library/Android/sdk/platform-tools:/Users/wukangjun/Library/Android/sdk/tools:/Users/wukangjun/Library/Android/sdk/platform-tools

Yarn version: 
  1.5.1

Node version: 
  12.18.3

Platform: 
  darwin x64

npm manifest: 
  {
    "dependencies": {
      "vue": "^2.6.12"
    },
    "devDependencies": {
      "server": "^1.0.30"
    }
  }

yarn manifest: 
  No manifest

Lockfile: 
  No lockfile

Trace: 
  Error: Command "server" not found.
      at new MessageError (/usr/local/lib/node_modules/yarn/lib/cli.js:186:110)
      at /usr/local/lib/node_modules/yarn/lib/cli.js:87307:17
      at Generator.next (<anonymous>)
      at step (/usr/local/lib/node_modules/yarn/lib/cli.js:98:30)
      at /usr/local/lib/node_modules/yarn/lib/cli.js:116:14
      at new Promise (<anonymous>)
      at new F (/usr/local/lib/node_modules/yarn/lib/cli.js:23451:28)
      at /usr/local/lib/node_modules/yarn/lib/cli.js:95:12
      at runCommand (/usr/local/lib/node_modules/yarn/lib/cli.js:87312:22)
      at Object.<anonymous> (/usr/local/lib/node_modules/yarn/lib/cli.js:87412:14)
